<?xml version="1.0" encoding="UTF-8"?>
<!-- Generated by org.testng.reporters.JUnitReportReporter -->
<testsuite hostname="R90FDWLP" failures="0" tests="1" name="com.ericsson.edos.dopuatautomation.testcases.PerformancePortalTest" time="5.009" errors="0" timestamp="11 Jul 2019 12:02:21 GMT" skipped="0">
  <testcase classname="com.ericsson.edos.dopuatautomation.testcases.PerformancePortalTest" name="VerifyPerformancePortalTest" time="5.009"/>
</testsuite> <!-- com.ericsson.edos.dopuatautomation.testcases.PerformancePortalTest -->
