<?xml version="1.0" encoding="UTF-8"?>
<!-- Generated by org.testng.reporters.JUnitReportReporter -->
<testsuite skipped="4" hostname="IN-00212952" name="com.ericsson.NDOrnd.dopuatautomation.testcases.MainPortal_LoginPageTest" tests="4" failures="0" timestamp="27 Sep 2019 07:34:23 GMT" time="0.000" errors="0">
  <testcase name="LogoText1Test" time="0.000" classname="com.ericsson.NDOrnd.dopuatautomation.testcases.MainPortal_LoginPageTest">
    <skipped/>
  </testcase> <!-- LogoText1Test -->
  <testcase name="SetusernameTest" time="0.000" classname="com.ericsson.NDOrnd.dopuatautomation.testcases.MainPortal_LoginPageTest">
    <skipped/>
  </testcase> <!-- SetusernameTest -->
  <testcase name="SetUserPasswordTest" time="0.000" classname="com.ericsson.NDOrnd.dopuatautomation.testcases.MainPortal_LoginPageTest">
    <skipped/>
  </testcase> <!-- SetUserPasswordTest -->
  <testcase name="ClickEnterButtonTest" time="0.000" classname="com.ericsson.NDOrnd.dopuatautomation.testcases.MainPortal_LoginPageTest">
    <skipped/>
  </testcase> <!-- ClickEnterButtonTest -->
</testsuite> <!-- com.ericsson.NDOrnd.dopuatautomation.testcases.MainPortal_LoginPageTest -->
