<?xml version="1.0" encoding="UTF-8"?>
<!-- Generated by org.testng.reporters.JUnitReportReporter -->
<testsuite skipped="0" hostname="5CD7432DCS" name="com.ericsson.edos.dopuatautomation.testcases.RasterTest" tests="4" failures="0" timestamp="02 May 2019 11:37:22 GMT" time="730.450" errors="0">
  <testcase name="ValidtionofRasterPortal" time="36.423" classname="com.ericsson.edos.dopuatautomation.testcases.RasterTest"/>
  <testcase name="ValidtionofDatePanel" time="293.542" classname="com.ericsson.edos.dopuatautomation.testcases.RasterTest"/>
  <testcase name="ValidtionofTopologyLayer" time="173.263" classname="com.ericsson.edos.dopuatautomation.testcases.RasterTest"/>
  <testcase name="ValidtionofAddingRasterLayer" time="227.222" classname="com.ericsson.edos.dopuatautomation.testcases.RasterTest"/>
</testsuite> <!-- com.ericsson.edos.dopuatautomation.testcases.RasterTest -->
