<?xml version="1.0" encoding="UTF-8"?>
<!-- Generated by org.testng.reporters.JUnitReportReporter -->
<testsuite skipped="2" hostname="5CG4503MCF" name="com.ericsson.edos.dopuatautomation.testcases.LandingpageTest" tests="5" failures="0" timestamp="21 May 2019 07:55:51 GMT" time="9.221" errors="0">
  <testcase name="LandingPageTitleTest" time="2.098" classname="com.ericsson.edos.dopuatautomation.testcases.LandingpageTest"/>
  <testcase name="LegalNoticeLogoTest" time="2.065" classname="com.ericsson.edos.dopuatautomation.testcases.LandingpageTest"/>
  <testcase name="ProceedButtonTest" time="5.058" classname="com.ericsson.edos.dopuatautomation.testcases.LandingpageTest"/>
  <testcase name="LicenseContentLogoTextTest" classname="com.ericsson.edos.dopuatautomation.testcases.LandingpageTest">
    <skipped/>
  </testcase> <!-- LicenseContentLogoTextTest -->
  <testcase name="LegalNoticeLogoTextTest" classname="com.ericsson.edos.dopuatautomation.testcases.LandingpageTest">
    <skipped/>
  </testcase> <!-- LegalNoticeLogoTextTest -->
</testsuite> <!-- com.ericsson.edos.dopuatautomation.testcases.LandingpageTest -->
