<?xml version="1.0" encoding="UTF-8"?>
<!-- Generated by org.testng.reporters.JUnitReportReporter -->
<testsuite skipped="0" hostname="5CG4503MCF" name="com.ericsson.edos.dopuatautomation.testcases.CallTerminationAnalysisTest" tests="7" failures="1" timestamp="21 May 2019 06:30:19 GMT" time="370.355" errors="0">
  <testcase name="VerifyCTACallsDataGridTable" time="37.856" classname="com.ericsson.edos.dopuatautomation.testcases.CallTerminationAnalysisTest"/>
  <testcase name="VerifyNonTableComponents" time="27.513" classname="com.ericsson.edos.dopuatautomation.testcases.CallTerminationAnalysisTest"/>
  <testcase name="VerifyCallsPlottedonMap" time="84.528" classname="com.ericsson.edos.dopuatautomation.testcases.CallTerminationAnalysisTest"/>
  <testcase name="VerifyCallsDetailsfrommap" time="39.983" classname="com.ericsson.edos.dopuatautomation.testcases.CallTerminationAnalysisTest"/>
  <testcase name="VerifyCellFilterData" time="88.335" classname="com.ericsson.edos.dopuatautomation.testcases.CallTerminationAnalysisTest"/>
  <testcase name="VerifyOpenCallDetails" time="53.826" classname="com.ericsson.edos.dopuatautomation.testcases.CallTerminationAnalysisTest"/>
  <testcase name="ValidateCallEvents" time="38.314" classname="com.ericsson.edos.dopuatautomation.testcases.CallTerminationAnalysisTest">
    <failure type="java.lang.AssertionError" message="The background color of the event is not based on the event protocol">
      <![CDATA[java.lang.AssertionError: The background color of the event is not based on the event protocol
	at org.testng.Assert.fail(Assert.java:93)
	at com.ericsson.edos.dopuatautomation.pages.CallTerminationAnalysisPage.ValidateBackgroundColor(CallTerminationAnalysisPage.java:708)
	at com.ericsson.edos.dopuatautomation.testcases.CallTerminationAnalysisTest.ValidateCallEvents(CallTerminationAnalysisTest.java:351)
	at sun.reflect.NativeMethodAccessorImpl.invoke0(Native Method)
	at sun.reflect.NativeMethodAccessorImpl.invoke(NativeMethodAccessorImpl.java:62)
	at sun.reflect.DelegatingMethodAccessorImpl.invoke(DelegatingMethodAccessorImpl.java:43)
	at java.lang.reflect.Method.invoke(Method.java:498)
	at org.testng.internal.MethodInvocationHelper.invokeMethod(MethodInvocationHelper.java:108)
	at org.testng.internal.Invoker.invokeMethod(Invoker.java:661)
	at org.testng.internal.Invoker.invokeTestMethod(Invoker.java:869)
	at org.testng.internal.Invoker.invokeTestMethods(Invoker.java:1193)
	at org.testng.internal.TestMethodWorker.invokeTestMethods(TestMethodWorker.java:126)
	at org.testng.internal.TestMethodWorker.run(TestMethodWorker.java:109)
	at org.testng.TestRunner.privateRun(TestRunner.java:744)
	at org.testng.TestRunner.run(TestRunner.java:602)
	at org.testng.SuiteRunner.runTest(SuiteRunner.java:380)
	at org.testng.SuiteRunner.runSequentially(SuiteRunner.java:375)
	at org.testng.SuiteRunner.privateRun(SuiteRunner.java:340)
	at org.testng.SuiteRunner.run(SuiteRunner.java:289)
	at org.testng.SuiteRunnerWorker.runSuite(SuiteRunnerWorker.java:52)
	at org.testng.SuiteRunnerWorker.run(SuiteRunnerWorker.java:86)
	at org.testng.TestNG.runSuitesSequentially(TestNG.java:1301)
	at org.testng.TestNG.runSuitesLocally(TestNG.java:1226)
	at org.testng.TestNG.runSuites(TestNG.java:1144)
	at org.testng.TestNG.run(TestNG.java:1115)
	at org.testng.remote.AbstractRemoteTestNG.run(AbstractRemoteTestNG.java:114)
	at org.testng.remote.RemoteTestNG.initAndRun(RemoteTestNG.java:251)
	at org.testng.remote.RemoteTestNG.main(RemoteTestNG.java:77)
]]>
    </failure>
  </testcase> <!-- ValidateCallEvents -->
</testsuite> <!-- com.ericsson.edos.dopuatautomation.testcases.CallTerminationAnalysisTest -->
