<?xml version="1.0" encoding="UTF-8"?>
<!-- Generated by org.testng.reporters.JUnitReportReporter -->
<testsuite skipped="0" hostname="IN-00212952" name="com.ericsson.edos.dopuatautomation.testcases.LoginPageTest" tests="6" failures="0" timestamp="06 Sep 2019 04:42:11 GMT" time="13.549" errors="0">
  <testcase name="EdosLogo1Test" time="2.072" classname="com.ericsson.edos.dopuatautomation.testcases.LoginPageTest"/>
  <testcase name="EdosLogo2Test" time="2.067" classname="com.ericsson.edos.dopuatautomation.testcases.LoginPageTest"/>
  <testcase name="EdosLogoText1Test" time="2.075" classname="com.ericsson.edos.dopuatautomation.testcases.LoginPageTest"/>
  <testcase name="SetusernameTest" time="3.015" classname="com.ericsson.edos.dopuatautomation.testcases.LoginPageTest"/>
  <testcase name="SetUserPasswordTest" time="2.168" classname="com.ericsson.edos.dopuatautomation.testcases.LoginPageTest"/>
  <testcase name="ClickEnterButtonTest" time="2.152" classname="com.ericsson.edos.dopuatautomation.testcases.LoginPageTest"/>
</testsuite> <!-- com.ericsson.edos.dopuatautomation.testcases.LoginPageTest -->
