<?xml version="1.0" encoding="UTF-8"?>
<!-- Generated by org.testng.reporters.JUnitReportReporter -->
<testsuite skipped="6" hostname="5CD7432DCS" name="com.ericsson.edos.dopuatautomation.testcases.LandingpageTest" tests="15" failures="0" timestamp="02 May 2019 11:37:22 GMT" time="27.614" errors="0">
  <testcase name="LandingPageTitleTest" time="2.032" classname="com.ericsson.edos.dopuatautomation.testcases.LandingpageTest"/>
  <testcase name="LandingPageTitleTest" time="2.035" classname="com.ericsson.edos.dopuatautomation.testcases.LandingpageTest"/>
  <testcase name="LandingPageTitleTest" time="2.026" classname="com.ericsson.edos.dopuatautomation.testcases.LandingpageTest"/>
  <testcase name="LegalNoticeLogoTest" time="2.055" classname="com.ericsson.edos.dopuatautomation.testcases.LandingpageTest"/>
  <testcase name="LegalNoticeLogoTest" time="2.051" classname="com.ericsson.edos.dopuatautomation.testcases.LandingpageTest"/>
  <testcase name="LegalNoticeLogoTest" time="2.064" classname="com.ericsson.edos.dopuatautomation.testcases.LandingpageTest"/>
  <testcase name="ProceedButtonTest" time="5.116" classname="com.ericsson.edos.dopuatautomation.testcases.LandingpageTest"/>
  <testcase name="ProceedButtonTest" time="5.104" classname="com.ericsson.edos.dopuatautomation.testcases.LandingpageTest"/>
  <testcase name="ProceedButtonTest" time="5.131" classname="com.ericsson.edos.dopuatautomation.testcases.LandingpageTest"/>
  <testcase name="LicenseContentLogoTextTest" classname="com.ericsson.edos.dopuatautomation.testcases.LandingpageTest">
    <skipped/>
  </testcase> <!-- LicenseContentLogoTextTest -->
  <testcase name="LicenseContentLogoTextTest" classname="com.ericsson.edos.dopuatautomation.testcases.LandingpageTest">
    <skipped/>
  </testcase> <!-- LicenseContentLogoTextTest -->
  <testcase name="LicenseContentLogoTextTest" classname="com.ericsson.edos.dopuatautomation.testcases.LandingpageTest">
    <skipped/>
  </testcase> <!-- LicenseContentLogoTextTest -->
  <testcase name="LegalNoticeLogoTextTest" classname="com.ericsson.edos.dopuatautomation.testcases.LandingpageTest">
    <skipped/>
  </testcase> <!-- LegalNoticeLogoTextTest -->
  <testcase name="LegalNoticeLogoTextTest" classname="com.ericsson.edos.dopuatautomation.testcases.LandingpageTest">
    <skipped/>
  </testcase> <!-- LegalNoticeLogoTextTest -->
  <testcase name="LegalNoticeLogoTextTest" classname="com.ericsson.edos.dopuatautomation.testcases.LandingpageTest">
    <skipped/>
  </testcase> <!-- LegalNoticeLogoTextTest -->
</testsuite> <!-- com.ericsson.edos.dopuatautomation.testcases.LandingpageTest -->
