<?xml version="1.0" encoding="UTF-8"?>
<!-- Generated by org.testng.reporters.JUnitReportReporter -->
<testsuite skipped="2" hostname="IN-00212952" name="com.ericsson.edos.dopuatautomation.testcases.LandingpageTest" tests="5" failures="0" timestamp="06 Sep 2019 04:42:11 GMT" time="9.260" errors="0">
  <testcase name="LandingPageTitleTest" time="2.036" classname="com.ericsson.edos.dopuatautomation.testcases.LandingpageTest"/>
  <testcase name="LegalNoticeLogoTest" time="2.075" classname="com.ericsson.edos.dopuatautomation.testcases.LandingpageTest"/>
  <testcase name="ProceedButtonTest" time="5.149" classname="com.ericsson.edos.dopuatautomation.testcases.LandingpageTest"/>
  <testcase name="LicenseContentLogoTextTest" classname="com.ericsson.edos.dopuatautomation.testcases.LandingpageTest">
    <skipped/>
  </testcase> <!-- LicenseContentLogoTextTest -->
  <testcase name="LegalNoticeLogoTextTest" classname="com.ericsson.edos.dopuatautomation.testcases.LandingpageTest">
    <skipped/>
  </testcase> <!-- LegalNoticeLogoTextTest -->
</testsuite> <!-- com.ericsson.edos.dopuatautomation.testcases.LandingpageTest -->
