<?xml version="1.0" encoding="UTF-8"?>
<!-- Generated by org.testng.reporters.JUnitReportReporter -->
<testsuite hostname="R90FDWLP" failures="0" tests="3" name="com.ericsson.edos.dopuatautomation.testcases.applicationTest" time="42.156" errors="0" timestamp="11 Jul 2019 12:02:21 GMT" skipped="0">
  <testcase classname="com.ericsson.edos.dopuatautomation.testcases.applicationTest" name="VerifyApplicationPage" time="25.019"/>
  <testcase classname="com.ericsson.edos.dopuatautomation.testcases.applicationTest" name="VerifyEdosDpLogo" time="2.035"/>
  <testcase classname="com.ericsson.edos.dopuatautomation.testcases.applicationTest" name="VerifyCMPMDashboard" time="15.102"/>
</testsuite> <!-- com.ericsson.edos.dopuatautomation.testcases.applicationTest -->
