<?xml version="1.0" encoding="UTF-8"?>
<!-- Generated by org.testng.reporters.JUnitReportReporter -->
<testsuite skipped="5" hostname="IN-00212952" name="com.ericsson.NDOrnd.dopuatautomation.testcases.MainPortal_LandingpageTest" tests="5" failures="0" timestamp="27 Sep 2019 07:34:23 GMT" time="0.000" errors="0">
  <testcase name="LandingPageTitleTest" time="0.000" classname="com.ericsson.NDOrnd.dopuatautomation.testcases.MainPortal_LandingpageTest">
    <skipped/>
  </testcase> <!-- LandingPageTitleTest -->
  <testcase name="LegalNoticeLogoTest" time="0.000" classname="com.ericsson.NDOrnd.dopuatautomation.testcases.MainPortal_LandingpageTest">
    <skipped/>
  </testcase> <!-- LegalNoticeLogoTest -->
  <testcase name="ProceedButtonTest" time="0.000" classname="com.ericsson.NDOrnd.dopuatautomation.testcases.MainPortal_LandingpageTest">
    <skipped/>
  </testcase> <!-- ProceedButtonTest -->
  <testcase name="LicenseContentLogoTextTest" classname="com.ericsson.NDOrnd.dopuatautomation.testcases.MainPortal_LandingpageTest">
    <skipped/>
  </testcase> <!-- LicenseContentLogoTextTest -->
  <testcase name="LegalNoticeLogoTextTest" classname="com.ericsson.NDOrnd.dopuatautomation.testcases.MainPortal_LandingpageTest">
    <skipped/>
  </testcase> <!-- LegalNoticeLogoTextTest -->
</testsuite> <!-- com.ericsson.NDOrnd.dopuatautomation.testcases.MainPortal_LandingpageTest -->
