<?xml version="1.0" encoding="UTF-8"?>
<!-- Generated by org.testng.reporters.JUnitReportReporter -->
<testsuite skipped="0" hostname="5CD7432DCS" name="com.ericsson.edos.dopuatautomation.testcases.applicationTest" tests="9" failures="0" timestamp="02 May 2019 11:37:22 GMT" time="156.498" errors="0">
  <testcase name="VerifyApplicationPage" time="25.175" classname="com.ericsson.edos.dopuatautomation.testcases.applicationTest"/>
  <testcase name="VerifyApplicationPage" time="25.095" classname="com.ericsson.edos.dopuatautomation.testcases.applicationTest"/>
  <testcase name="VerifyApplicationPage" time="25.172" classname="com.ericsson.edos.dopuatautomation.testcases.applicationTest"/>
  <testcase name="VerifyEdosDpLogo" time="2.049" classname="com.ericsson.edos.dopuatautomation.testcases.applicationTest"/>
  <testcase name="VerifyEdosDpLogo" time="2.059" classname="com.ericsson.edos.dopuatautomation.testcases.applicationTest"/>
  <testcase name="VerifyEdosDpLogo" time="2.050" classname="com.ericsson.edos.dopuatautomation.testcases.applicationTest"/>
  <testcase name="RasterClick" time="16.958" classname="com.ericsson.edos.dopuatautomation.testcases.applicationTest"/>
  <testcase name="VerifyTIVLink" time="31.206" classname="com.ericsson.edos.dopuatautomation.testcases.applicationTest"/>
  <testcase name="VerifyCMPMDashboard" time="26.734" classname="com.ericsson.edos.dopuatautomation.testcases.applicationTest"/>
</testsuite> <!-- com.ericsson.edos.dopuatautomation.testcases.applicationTest -->
