<?xml version="1.0" encoding="UTF-8"?>
<!-- Generated by org.testng.reporters.JUnitReportReporter -->
<testsuite skipped="0" hostname="IN-00212952" name="com.ericsson.edos.dopuatautomation.testcases.EdosTraceInputValidationTest" tests="2" failures="0" timestamp="06 Sep 2019 04:42:11 GMT" time="1307.537" errors="0">
  <testcase name="VerifyTIVErrorNotificationAlertPopUp" time="0.095" classname="com.ericsson.edos.dopuatautomation.testcases.EdosTraceInputValidationTest"/>
  <testcase name="VerifyTableWithCellFiltering" time="1307.442" classname="com.ericsson.edos.dopuatautomation.testcases.EdosTraceInputValidationTest"/>
</testsuite> <!-- com.ericsson.edos.dopuatautomation.testcases.EdosTraceInputValidationTest -->
