<?xml version="1.0" encoding="UTF-8"?>
<!-- Generated by org.testng.reporters.JUnitReportReporter -->
<testsuite hostname="R90FDWLP" failures="0" tests="6" name="com.ericsson.edos.dopuatautomation.testcases.LoginPageTest" time="13.424" errors="0" timestamp="11 Jul 2019 12:02:21 GMT" skipped="0">
  <testcase classname="com.ericsson.edos.dopuatautomation.testcases.LoginPageTest" name="EdosLogo1Test" time="2.035"/>
  <testcase classname="com.ericsson.edos.dopuatautomation.testcases.LoginPageTest" name="EdosLogo2Test" time="2.044"/>
  <testcase classname="com.ericsson.edos.dopuatautomation.testcases.LoginPageTest" name="EdosLogoText1Test" time="2.033"/>
  <testcase classname="com.ericsson.edos.dopuatautomation.testcases.LoginPageTest" name="SetusernameTest" time="3.012"/>
  <testcase classname="com.ericsson.edos.dopuatautomation.testcases.LoginPageTest" name="SetUserPasswordTest" time="2.157"/>
  <testcase classname="com.ericsson.edos.dopuatautomation.testcases.LoginPageTest" name="ClickEnterButtonTest" time="2.143"/>
</testsuite> <!-- com.ericsson.edos.dopuatautomation.testcases.LoginPageTest -->
