<?xml version="1.0" encoding="UTF-8"?>
<!-- Generated by org.testng.reporters.JUnitReportReporter -->
<testsuite skipped="2" hostname="5CG4503MCF" name="com.ericsson.NDOrnd.dopuatautomation.testcases.MainPortal_LandingpageTest" tests="5" failures="0" timestamp="18 Sep 2019 08:14:36 GMT" time="9.214" errors="0">
  <testcase name="LandingPageTitleTest" time="2.026" classname="com.ericsson.NDOrnd.dopuatautomation.testcases.MainPortal_LandingpageTest"/>
  <testcase name="LegalNoticeLogoTest" time="2.092" classname="com.ericsson.NDOrnd.dopuatautomation.testcases.MainPortal_LandingpageTest"/>
  <testcase name="ProceedButtonTest" time="5.096" classname="com.ericsson.NDOrnd.dopuatautomation.testcases.MainPortal_LandingpageTest"/>
  <testcase name="LicenseContentLogoTextTest" classname="com.ericsson.NDOrnd.dopuatautomation.testcases.MainPortal_LandingpageTest">
    <skipped/>
  </testcase> <!-- LicenseContentLogoTextTest -->
  <testcase name="LegalNoticeLogoTextTest" classname="com.ericsson.NDOrnd.dopuatautomation.testcases.MainPortal_LandingpageTest">
    <skipped/>
  </testcase> <!-- LegalNoticeLogoTextTest -->
</testsuite> <!-- com.ericsson.NDOrnd.dopuatautomation.testcases.MainPortal_LandingpageTest -->
