<?xml version="1.0" encoding="UTF-8"?>
<!-- Generated by org.testng.reporters.JUnitReportReporter -->
<testsuite skipped="0" hostname="5CG4503MCF" name="com.ericsson.edos.dopuatautomation.testcases.LandingpageTest" tests="6" failures="0" timestamp="10 Jan 2019 12:10:43 GMT" time="15.283" errors="0">
  <testcase name="LandingPageTitleTest" time="2.021" classname="com.ericsson.edos.dopuatautomation.testcases.LandingpageTest"/>
  <testcase name="LegalNoticeLogoTest" time="2.056" classname="com.ericsson.edos.dopuatautomation.testcases.LandingpageTest"/>
  <testcase name="LicenseContentLogoTest" time="2.047" classname="com.ericsson.edos.dopuatautomation.testcases.LandingpageTest"/>
  <testcase name="LegalNoticeLogoTextTest" time="2.037" classname="com.ericsson.edos.dopuatautomation.testcases.LandingpageTest"/>
  <testcase name="LicenseContentLogoTextTest" time="2.040" classname="com.ericsson.edos.dopuatautomation.testcases.LandingpageTest"/>
  <testcase name="ProceedButtonTest" time="5.082" classname="com.ericsson.edos.dopuatautomation.testcases.LandingpageTest"/>
</testsuite> <!-- com.ericsson.edos.dopuatautomation.testcases.LandingpageTest -->
