<?xml version="1.0" encoding="UTF-8"?>
<!-- Generated by org.testng.reporters.JUnitReportReporter -->
<testsuite hostname="R90FDWLP" failures="0" tests="5" name="com.ericsson.edos.dopuatautomation.testcases.LandingpageTest" time="9.168" errors="0" timestamp="11 Jul 2019 12:02:21 GMT" skipped="2">
  <testcase classname="com.ericsson.edos.dopuatautomation.testcases.LandingpageTest" name="LandingPageTitleTest" time="2.038"/>
  <testcase classname="com.ericsson.edos.dopuatautomation.testcases.LandingpageTest" name="LegalNoticeLogoTest" time="2.047"/>
  <testcase classname="com.ericsson.edos.dopuatautomation.testcases.LandingpageTest" name="ProceedButtonTest" time="5.083"/>
  <testcase classname="com.ericsson.edos.dopuatautomation.testcases.LandingpageTest" name="LicenseContentLogoTextTest">
    <skipped/>
  </testcase> <!-- LicenseContentLogoTextTest -->
  <testcase classname="com.ericsson.edos.dopuatautomation.testcases.LandingpageTest" name="LegalNoticeLogoTextTest">
    <skipped/>
  </testcase> <!-- LegalNoticeLogoTextTest -->
</testsuite> <!-- com.ericsson.edos.dopuatautomation.testcases.LandingpageTest -->
