<?xml version="1.0" encoding="UTF-8"?>
<!-- Generated by org.testng.reporters.JUnitReportReporter -->
<testsuite skipped="0" hostname="IN-00212952" name="com.ericsson.edos.dopuatautomation.testcases.applicationTest" tests="3" failures="0" timestamp="06 Sep 2019 04:42:11 GMT" time="45.402" errors="0">
  <testcase name="VerifyApplicationPage" time="25.148" classname="com.ericsson.edos.dopuatautomation.testcases.applicationTest"/>
  <testcase name="VerifyEdosDpLogo" time="2.059" classname="com.ericsson.edos.dopuatautomation.testcases.applicationTest"/>
  <testcase name="VerifyTIVLink" time="18.195" classname="com.ericsson.edos.dopuatautomation.testcases.applicationTest"/>
</testsuite> <!-- com.ericsson.edos.dopuatautomation.testcases.applicationTest -->
