<?xml version="1.0" encoding="UTF-8"?>
<!-- Generated by org.testng.reporters.JUnitReportReporter -->
<testsuite skipped="0" hostname="5CG4503MCF" name="com.ericsson.NDOrnd.dopuatautomation.testcases.MainPortal_ApplicationTest" tests="1" failures="0" timestamp="18 Sep 2019 08:14:36 GMT" time="18.066" errors="0">
  <testcase name="VerifyTIVLink" time="18.066" classname="com.ericsson.NDOrnd.dopuatautomation.testcases.MainPortal_ApplicationTest"/>
</testsuite> <!-- com.ericsson.NDOrnd.dopuatautomation.testcases.MainPortal_ApplicationTest -->
