<?xml version="1.0" encoding="UTF-8"?>
<!-- Generated by org.testng.reporters.JUnitReportReporter -->
<testsuite skipped="0" hostname="IN-00212952" name="com.ericsson.NDOrnd.dopuatautomation.testcases.OvenStoryMainPageTest" tests="3" failures="0" timestamp="29 Sep 2019 15:52:49 GMT" time="120.000" errors="0">
  <testcase name="VerifyAddProducttoCart" time="60.738" classname="com.ericsson.NDOrnd.dopuatautomation.testcases.OvenStoryMainPageTest"/>
  <testcase name="VerifySideMenuLinks" time="24.840" classname="com.ericsson.NDOrnd.dopuatautomation.testcases.OvenStoryMainPageTest"/>
  <testcase name="VerifyChangeLocation" time="34.422" classname="com.ericsson.NDOrnd.dopuatautomation.testcases.OvenStoryMainPageTest"/>
</testsuite> <!-- com.ericsson.NDOrnd.dopuatautomation.testcases.OvenStoryMainPageTest -->
