<?xml version="1.0" encoding="UTF-8"?>
<!-- Generated by org.testng.reporters.JUnitReportReporter -->
<testsuite skipped="0" hostname="5CG4503MCF" name="com.ericsson.edos.dopuatautomation.testcases.applicationTest" tests="3" failures="0" timestamp="21 May 2019 07:55:51 GMT" time="48.271" errors="0">
  <testcase name="VerifyApplicationPage" time="25.021" classname="com.ericsson.edos.dopuatautomation.testcases.applicationTest"/>
  <testcase name="VerifyEdosDpLogo" time="2.037" classname="com.ericsson.edos.dopuatautomation.testcases.applicationTest"/>
  <testcase name="VerifyTIVLink" time="21.213" classname="com.ericsson.edos.dopuatautomation.testcases.applicationTest"/>
</testsuite> <!-- com.ericsson.edos.dopuatautomation.testcases.applicationTest -->
