<?xml version="1.0" encoding="UTF-8"?>
<!-- Generated by org.testng.reporters.JUnitReportReporter -->
<testsuite skipped="0" hostname="5CG4503MCF" name="com.ericsson.NDOrnd.dopuatautomation.testcases.MainPortal_LoginPageTest" tests="4" failures="0" timestamp="18 Sep 2019 08:14:36 GMT" time="9.159" errors="0">
  <testcase name="LogoText1Test" time="2.035" classname="com.ericsson.NDOrnd.dopuatautomation.testcases.MainPortal_LoginPageTest"/>
  <testcase name="SetusernameTest" time="2.886" classname="com.ericsson.NDOrnd.dopuatautomation.testcases.MainPortal_LoginPageTest"/>
  <testcase name="SetUserPasswordTest" time="2.120" classname="com.ericsson.NDOrnd.dopuatautomation.testcases.MainPortal_LoginPageTest"/>
  <testcase name="ClickEnterButtonTest" time="2.118" classname="com.ericsson.NDOrnd.dopuatautomation.testcases.MainPortal_LoginPageTest"/>
</testsuite> <!-- com.ericsson.NDOrnd.dopuatautomation.testcases.MainPortal_LoginPageTest -->
